<?xml version="1.0" encoding="UTF-8"?>
<testng-results skipped="0" failed="0" total="1" passed="1">
  <reporter-output>
  </reporter-output>
  <suite name="Default suite" duration-ms="16571" started-at="2018-07-10T09:57:55Z" finished-at="2018-07-10T09:58:12Z">
    <groups>
    </groups>
    <test name="Default test" duration-ms="16571" started-at="2018-07-10T09:57:55Z" finished-at="2018-07-10T09:58:12Z">
      <class name="TestCases.Demo1">
        <test-method status="PASS" signature="beforeTest()[pri:0, instance:TestCases.Demo1@457e2f02]" name="beforeTest" is-config="true" duration-ms="7568" started-at="2018-07-10T15:27:55Z" finished-at="2018-07-10T15:28:03Z">
          <reporter-output>
          </reporter-output>
        </test-method> <!-- beforeTest -->
        <test-method status="PASS" signature="DemoTest()[pri:0, instance:TestCases.Demo1@457e2f02]" name="DemoTest" duration-ms="6884" started-at="2018-07-10T15:28:03Z" finished-at="2018-07-10T15:28:10Z">
          <reporter-output>
          </reporter-output>
        </test-method> <!-- DemoTest -->
        <test-method status="PASS" signature="afterTest()[pri:0, instance:TestCases.Demo1@457e2f02]" name="afterTest" is-config="true" duration-ms="2103" started-at="2018-07-10T15:28:10Z" finished-at="2018-07-10T15:28:12Z">
          <reporter-output>
          </reporter-output>
        </test-method> <!-- afterTest -->
      </class> <!-- TestCases.Demo1 -->
    </test> <!-- Default test -->
  </suite> <!-- Default suite -->
</testng-results>
